<?xml version="1.0" encoding="UTF-8"?>
<testng-results ignored="0" total="1" passed="1" failed="0" skipped="0">
  <reporter-output>
  </reporter-output>
  <suite started-at="2024-09-09T09:15:24 IST" name="Default suite" finished-at="2024-09-09T09:15:49 IST" duration-ms="25100">
    <groups>
    </groups>
    <test started-at="2024-09-09T09:15:24 IST" name="Default test" finished-at="2024-09-09T09:15:49 IST" duration-ms="25100">
      <class name="testng.Rishiherbals">
        <test-method is-config="true" signature="setup()[pri:0, instance:testng.Rishiherbals@f2ff811]" started-at="2024-09-09T09:15:24 IST" name="setup" finished-at="2024-09-09T09:15:26 IST" duration-ms="1934" status="PASS">
          <reporter-output>
          </reporter-output>
        </test-method> <!-- setup -->
        <test-method is-config="true" signature="urlloading()[pri:0, instance:testng.Rishiherbals@f2ff811]" started-at="2024-09-09T09:15:26 IST" name="urlloading" finished-at="2024-09-09T09:15:31 IST" duration-ms="5107" status="PASS">
          <reporter-output>
          </reporter-output>
        </test-method> <!-- urlloading -->
        <test-method signature="test1()[pri:0, instance:testng.Rishiherbals@f2ff811]" started-at="2024-09-09T09:15:31 IST" name="test1" finished-at="2024-09-09T09:15:49 IST" duration-ms="18019" status="PASS">
          <reporter-output>
          </reporter-output>
        </test-method> <!-- test1 -->
      </class> <!-- testng.Rishiherbals -->
    </test> <!-- Default test -->
  </suite> <!-- Default suite -->
</testng-results>
